<?xml version="1.0" encoding="UTF-8"?>
<testsuite name="NumbersClassTests" NumbersClassTests="1" skipped="0" failures="0" errors="0" timestamp="2021-06-23T14:54:22" hostname="DESKTOP-Q543O8E" time="0.002">
  <properties/>
  <testcase name="testOddNumber" classname="NumbersClassTests" time="0.002"/>
  <system-out><![CDATA[]]></system-out>
  <system-err><![CDATA[]]></system-err>
</testsuite>
