<?xml version="1.0" encoding="UTF-8"?>
<testsuite name="StringsClassTests" tests="1" skipped="0" failures="0" errors="0" timestamp="2021-06-24T12:27:08" hostname="DESKTOP-Q543O8E" time="0.001">
  <properties/>
  <testcase name="testHasAnagram" classname="StringsClassTests" time="0.001"/>
  <system-out><![CDATA[]]></system-out>
  <system-err><![CDATA[]]></system-err>
</testsuite>
